# Logfile created on 2014-02-17 23:24:16 -0500 by logger.rb/44203
I, [2014-02-17T23:24:16.951075 #28323]  INFO -- : 0:  addressable (2.3.5) from /Users/kevin/.rvm/gems/ruby-2.1.0/specifications/addressable-2.3.5.gemspec
I, [2014-02-17T23:24:22.184496 #28323]  INFO -- : 0:  backports (3.3.5) from /Users/kevin/.rvm/gems/ruby-2.1.0/specifications/backports-3.3.5.gemspec
I, [2014-02-17T23:24:25.606127 #28323]  INFO -- : 0:  bcrypt-ruby (3.1.2) from /Users/kevin/.rvm/gems/ruby-2.1.0/specifications/bcrypt-ruby-3.1.2.gemspec
I, [2014-02-17T23:24:25.606514 #28323]  INFO -- : 0:  bundler (1.5.1) from /Users/kevin/.rvm/gems/ruby-2.1.0@global/specifications/bundler-1.5.1.gemspec
I, [2014-02-17T23:24:28.162850 #28323]  INFO -- : 0:  dm-core (1.2.1) from /Users/kevin/.rvm/gems/ruby-2.1.0/specifications/dm-core-1.2.1.gemspec
I, [2014-02-17T23:24:29.339898 #28323]  INFO -- : 0:  dm-aggregates (1.2.0) from /Users/kevin/.rvm/gems/ruby-2.1.0/specifications/dm-aggregates-1.2.0.gemspec
I, [2014-02-17T23:24:29.696278 #28323]  INFO -- : 0:  dm-constraints (1.2.0) from /Users/kevin/.rvm/gems/ruby-2.1.0/specifications/dm-constraints-1.2.0.gemspec
I, [2014-02-17T23:24:30.718073 #28323]  INFO -- : 0:  dm-migrations (1.2.0) from /Users/kevin/.rvm/gems/ruby-2.1.0/specifications/dm-migrations-1.2.0.gemspec
I, [2014-02-17T23:24:33.270901 #28323]  INFO -- : 0:  fastercsv (1.5.5) from /Users/kevin/.rvm/gems/ruby-2.1.0/specifications/fastercsv-1.5.5.gemspec
I, [2014-02-17T23:24:33.271165 #28323]  INFO -- : 0:  json (1.8.1) from /Users/kevin/.rvm/rubies/ruby-2.1.0/lib/ruby/gems/2.1.0/specifications/default/json-1.8.1.gemspec
I, [2014-02-17T23:24:35.131491 #28323]  INFO -- : 0:  json_pure (1.8.1) from /Users/kevin/.rvm/gems/ruby-2.1.0/specifications/json_pure-1.8.1.gemspec
I, [2014-02-17T23:24:35.555725 #28323]  INFO -- : 0:  multi_json (1.8.2) from /Users/kevin/.rvm/gems/ruby-2.1.0/specifications/multi_json-1.8.2.gemspec
I, [2014-02-17T23:24:35.888404 #28323]  INFO -- : 0:  dm-serializer (1.2.2) from /Users/kevin/.rvm/gems/ruby-2.1.0/specifications/dm-serializer-1.2.2.gemspec
I, [2014-02-17T23:24:36.238280 #28323]  INFO -- : 0:  dm-timestamps (1.2.0) from /Users/kevin/.rvm/gems/ruby-2.1.0/specifications/dm-timestamps-1.2.0.gemspec
I, [2014-02-17T23:24:36.578583 #28323]  INFO -- : 0:  dm-transactions (1.2.0) from /Users/kevin/.rvm/gems/ruby-2.1.0/specifications/dm-transactions-1.2.0.gemspec
I, [2014-02-17T23:24:37.096202 #28323]  INFO -- : 0:  stringex (1.5.1) from /Users/kevin/.rvm/gems/ruby-2.1.0/specifications/stringex-1.5.1.gemspec
I, [2014-02-17T23:24:38.045329 #28323]  INFO -- : 0:  uuidtools (2.1.4) from /Users/kevin/.rvm/gems/ruby-2.1.0/specifications/uuidtools-2.1.4.gemspec
I, [2014-02-17T23:24:38.441589 #28323]  INFO -- : 0:  dm-types (1.2.2) from /Users/kevin/.rvm/gems/ruby-2.1.0/specifications/dm-types-1.2.2.gemspec
I, [2014-02-17T23:24:38.933780 #28323]  INFO -- : 0:  dm-validations (1.2.0) from /Users/kevin/.rvm/gems/ruby-2.1.0/specifications/dm-validations-1.2.0.gemspec
I, [2014-02-17T23:24:39.871724 #28323]  INFO -- : 0:  data_mapper (1.2.0) from /Users/kevin/.rvm/gems/ruby-2.1.0/specifications/data_mapper-1.2.0.gemspec
I, [2014-02-17T23:24:40.723898 #28323]  INFO -- : 0:  data_objects (0.10.13) from /Users/kevin/.rvm/gems/ruby-2.1.0/specifications/data_objects-0.10.13.gemspec
I, [2014-02-17T23:24:41.762809 #28323]  INFO -- : 0:  dm-do-adapter (1.2.0) from /Users/kevin/.rvm/gems/ruby-2.1.0/specifications/dm-do-adapter-1.2.0.gemspec
I, [2014-02-17T23:24:43.109341 #28323]  INFO -- : 0:  do_sqlite3 (0.10.13) from /Users/kevin/.rvm/gems/ruby-2.1.0/specifications/do_sqlite3-0.10.13.gemspec
I, [2014-02-17T23:24:44.054163 #28323]  INFO -- : 0:  dm-sqlite-adapter (1.2.0) from /Users/kevin/.rvm/gems/ruby-2.1.0/specifications/dm-sqlite-adapter-1.2.0.gemspec
I, [2014-02-17T23:24:44.054632 #28323]  INFO -- : 0:  tilt (1.4.1) from /Users/kevin/.rvm/gems/ruby-2.1.0/specifications/tilt-1.4.1.gemspec
I, [2014-02-17T23:24:44.589052 #28323]  INFO -- : 0:  haml (4.0.4) from /Users/kevin/.rvm/gems/ruby-2.1.0/specifications/haml-4.0.4.gemspec
I, [2014-02-17T23:24:47.872154 #28323]  INFO -- : 0:  jsmin (1.0.1) from /Users/kevin/.rvm/gems/ruby-2.1.0/specifications/jsmin-1.0.1.gemspec
I, [2014-02-17T23:24:47.872564 #28323]  INFO -- : 0:  rack (1.5.2) from /Users/kevin/.rvm/gems/ruby-2.1.0/specifications/rack-1.5.2.gemspec
I, [2014-02-17T23:24:49.551880 #28323]  INFO -- : 0:  rack-flash3 (1.0.5) from /Users/kevin/.rvm/gems/ruby-2.1.0/specifications/rack-flash3-1.0.5.gemspec
I, [2014-02-17T23:24:49.865787 #28323]  INFO -- : 0:  rack-protection (1.5.1) from /Users/kevin/.rvm/gems/ruby-2.1.0/specifications/rack-protection-1.5.1.gemspec
I, [2014-02-17T23:24:51.245529 #28323]  INFO -- : 0:  rack-test (0.6.2) from /Users/kevin/.rvm/gems/ruby-2.1.0/specifications/rack-test-0.6.2.gemspec
I, [2014-02-17T23:24:51.245877 #28323]  INFO -- : 0:  sinatra (1.4.4) from /Users/kevin/.rvm/gems/ruby-2.1.0/specifications/sinatra-1.4.4.gemspec
I, [2014-02-17T23:24:53.412775 #28323]  INFO -- : 0:  sinatra-assetpack (0.3.2) from /Users/kevin/.rvm/gems/ruby-2.1.0/specifications/sinatra-assetpack-0.3.2.gemspec
I, [2014-02-17T23:24:54.280098 #28323]  INFO -- : 0:  sinatra-contrib (1.4.2) from /Users/kevin/.rvm/gems/ruby-2.1.0/specifications/sinatra-contrib-1.4.2.gemspec
I, [2014-02-17T23:24:54.583497 #28323]  INFO -- : 0:  sinatra-redirect-with-flash (0.2.1) from /Users/kevin/.rvm/gems/ruby-2.1.0/specifications/sinatra-redirect-with-flash-0.2.1.gemspec
